<?xml version="1.0" encoding="UTF-8"?>
<!-- Generated by org.testng.reporters.JUnitXMLReporter -->
<testsuite hostname="jagadeesh-HP-EliteBook-840-G2" ignored="0" name="Default test" tests="3" failures="0" timestamp="28 Mar 2019 08:13:38 GMT" time="100.913" errors="0">
  <testcase name="user_skills" time="15.355" classname="test_scenarios.SearchJobsAndApply"/>
  <testcase name="searchJobsStoreInDB" time="59.788" classname="test_scenarios.SearchJobsAndApply"/>
  <testcase name="applyJobWithSkillMatch" time="23.708" classname="test_scenarios.SearchJobsAndApply"/>
</testsuite> <!-- Default test -->
