<?xml version="1.0" encoding="UTF-8"?>
<!-- Generated by org.testng.reporters.JUnitXMLReporter -->
<testsuite hostname="jagadeesh-HP-EliteBook-840-G2" ignored="0" name="Default test" tests="3" failures="0" timestamp="28 Mar 2019 16:00:35 GMT" time="112.646" errors="0">
  <testcase name="user_skills" time="20.545" classname="test_scenarios.SearchJobsAndApply"/>
  <testcase name="searchJobsStoreInDB" time="51.886" classname="test_scenarios.SearchJobsAndApply"/>
  <testcase name="applyJobWithSkillMatch" time="37.939" classname="test_scenarios.SearchJobsAndApply"/>
</testsuite> <!-- Default test -->
