<?xml version="1.0" encoding="UTF-8"?>
<testng-results skipped="0" failed="0" ignored="0" total="3" passed="3">
  <reporter-output>
  </reporter-output>
  <suite name="Default suite" duration-ms="100913" started-at="2019-03-28T08:11:57Z" finished-at="2019-03-28T08:13:38Z">
    <groups>
    </groups>
    <test name="Default test" duration-ms="100913" started-at="2019-03-28T08:11:57Z" finished-at="2019-03-28T08:13:38Z">
      <class name="test_scenarios.SearchJobsAndApply">
        <test-method status="PASS" signature="before()[pri:0, instance:test_scenarios.SearchJobsAndApply@4a87761d]" name="before" is-config="true" duration-ms="1633" started-at="2019-03-28T08:11:57Z" finished-at="2019-03-28T08:11:59Z">
          <reporter-output>
          </reporter-output>
        </test-method> <!-- before -->
        <test-method status="PASS" signature="user_skills()[pri:1, instance:test_scenarios.SearchJobsAndApply@4a87761d]" name="user_skills" duration-ms="15355" started-at="2019-03-28T08:11:59Z" finished-at="2019-03-28T08:12:14Z">
          <reporter-output>
          </reporter-output>
        </test-method> <!-- user_skills -->
        <test-method status="PASS" signature="after_method(org.testng.ITestResult)[pri:0, instance:test_scenarios.SearchJobsAndApply@4a87761d]" name="after_method" is-config="true" duration-ms="7" started-at="2019-03-28T08:12:14Z" finished-at="2019-03-28T08:12:14Z">
          <params>
            <param index="0">
              <value>
                <![CDATA[[TestResult name=user_skills status=SUCCESS method=SearchJobsAndApply.user_skills()[pri:1, instance:test_scenarios.SearchJobsAndApply@4a87761d] output={null}]]]>
              </value>
            </param>
          </params>
          <reporter-output>
          </reporter-output>
        </test-method> <!-- after_method -->
        <test-method status="PASS" signature="searchJobsStoreInDB()[pri:2, instance:test_scenarios.SearchJobsAndApply@4a87761d]" name="searchJobsStoreInDB" duration-ms="59788" started-at="2019-03-28T08:12:14Z" finished-at="2019-03-28T08:13:14Z">
          <reporter-output>
          </reporter-output>
        </test-method> <!-- searchJobsStoreInDB -->
        <test-method status="PASS" signature="after_method(org.testng.ITestResult)[pri:0, instance:test_scenarios.SearchJobsAndApply@4a87761d]" name="after_method" is-config="true" duration-ms="0" started-at="2019-03-28T08:13:14Z" finished-at="2019-03-28T08:13:14Z">
          <params>
            <param index="0">
              <value>
                <![CDATA[[TestResult name=searchJobsStoreInDB status=SUCCESS method=SearchJobsAndApply.searchJobsStoreInDB()[pri:2, instance:test_scenarios.SearchJobsAndApply@4a87761d] output={null}]]]>
              </value>
            </param>
          </params>
          <reporter-output>
          </reporter-output>
        </test-method> <!-- after_method -->
        <test-method status="PASS" signature="applyJobWithSkillMatch()[pri:3, instance:test_scenarios.SearchJobsAndApply@4a87761d]" name="applyJobWithSkillMatch" duration-ms="23708" started-at="2019-03-28T08:13:14Z" finished-at="2019-03-28T08:13:38Z">
          <reporter-output>
          </reporter-output>
        </test-method> <!-- applyJobWithSkillMatch -->
        <test-method status="PASS" signature="after_method(org.testng.ITestResult)[pri:0, instance:test_scenarios.SearchJobsAndApply@4a87761d]" name="after_method" is-config="true" duration-ms="0" started-at="2019-03-28T08:13:38Z" finished-at="2019-03-28T08:13:38Z">
          <params>
            <param index="0">
              <value>
                <![CDATA[[TestResult name=applyJobWithSkillMatch status=SUCCESS method=SearchJobsAndApply.applyJobWithSkillMatch()[pri:3, instance:test_scenarios.SearchJobsAndApply@4a87761d] output={null}]]]>
              </value>
            </param>
          </params>
          <reporter-output>
          </reporter-output>
        </test-method> <!-- after_method -->
        <test-method status="PASS" signature="tearDown()[pri:0, instance:test_scenarios.SearchJobsAndApply@4a87761d]" name="tearDown" is-config="true" duration-ms="396" started-at="2019-03-28T08:13:38Z" finished-at="2019-03-28T08:13:38Z">
          <reporter-output>
          </reporter-output>
        </test-method> <!-- tearDown -->
      </class> <!-- test_scenarios.SearchJobsAndApply -->
    </test> <!-- Default test -->
  </suite> <!-- Default suite -->
</testng-results>
